<?xml version="1.0" encoding="UTF-8"?>
<!-- Generated by org.testng.reporters.JUnitReportReporter -->
<testsuite hostname="DESKTOP-HHITFIH" failures="0" tests="1" name="selenium.TestNg" time="0.007" errors="0" timestamp="2023-05-27T20:27:47 IST" skipped="0">
  <testcase classname="selenium.TestNg" name="Demo" time="0.007"/>
  <system-out/>
</testsuite> <!-- selenium.TestNg -->
