<?xml version="1.0" encoding="UTF-8"?>
<!-- Generated by org.testng.reporters.JUnitReportReporter -->
<testsuite hostname="DESKTOP-HHITFIH" failures="0" tests="3" name="Vaibhav_Test.SelFramework.StandAloneTest2" time="42.413" errors="0" timestamp="2023-06-04T13:58:24 IST" skipped="0">
  <testcase classname="Vaibhav_Test.SelFramework.StandAloneTest2" name="OrderHistoryTest" time="5.953"/>
  <system-out/>
  <testcase classname="Vaibhav_Test.SelFramework.StandAloneTest2" name="submitOrder" time="17.734"/>
  <system-out/>
  <testcase classname="Vaibhav_Test.SelFramework.StandAloneTest2" name="submitOrder" time="18.726"/>
  <system-out/>
</testsuite> <!-- Vaibhav_Test.SelFramework.StandAloneTest2 -->
