<?xml version="1.0" encoding="UTF-8"?>
<!-- Generated by org.testng.reporters.JUnitReportReporter -->
<testsuite hostname="DESKTOP-HHITFIH" failures="0" tests="3" name="dataDriven.ExcelDataProvider.dataProvide" time="0.010" errors="0" timestamp="2023-06-09T13:47:23 IST" skipped="0">
  <testcase classname="dataDriven.ExcelDataProvider.dataProvide" name="testCaseData" time="0.009"/>
  <system-out/>
  <testcase classname="dataDriven.ExcelDataProvider.dataProvide" name="testCaseData" time="0.001"/>
  <system-out/>
  <testcase classname="dataDriven.ExcelDataProvider.dataProvide" name="testCaseData" time="0.000"/>
  <system-out/>
</testsuite> <!-- dataDriven.ExcelDataProvider.dataProvide -->
